<?xml version="1.0" encoding="UTF-8"?>
<testng-results skipped="0" failed="0" total="1" passed="1">
  <reporter-output>
  </reporter-output>
  <suite name="test.TestFacebook" duration-ms="43563" started-at="2018-06-30T04:27:03Z" finished-at="2018-06-30T04:27:46Z">
    <groups>
    </groups>
    <test name="Command line test" duration-ms="43563" started-at="2018-06-30T04:27:03Z" finished-at="2018-06-30T04:27:46Z">
      <class name="test.TestFacebook">
        <test-method status="PASS" signature="TestFireFox()[pri:0, instance:test.TestFacebook@67b64c45]" name="TestFireFox" duration-ms="43554" started-at="2018-06-30T09:57:03Z" finished-at="2018-06-30T09:57:46Z">
          <reporter-output>
          </reporter-output>
        </test-method> <!-- TestFireFox -->
      </class> <!-- test.TestFacebook -->
    </test> <!-- Command line test -->
  </suite> <!-- test.TestFacebook -->
</testng-results>
